{"/home/alvin/Documents/Hacktiv8/FinalProject/server/app.js": {"path":"/home/alvin/Documents/Hacktiv8/FinalProject/server/app.js","statementMap":{"0":{"start":{"line":1,"column":0},"end":{"line":1,"column":27}},"1":{"start":{"line":2,"column":16},"end":{"line":2,"column":34}},"2":{"start":{"line":3,"column":15},"end":{"line":3,"column":34}},"3":{"start":{"line":4,"column":17},"end":{"line":4,"column":36}},"4":{"start":{"line":5,"column":13},"end":{"line":5,"column":28}},"5":{"start":{"line":6,"column":12},"end":{"line":6,"column":21}},"6":{"start":{"line":7,"column":21},"end":{"line":7,"column":58}},"7":{"start":{"line":10,"column":0},"end":{"line":15,"column":1}},"8":{"start":{"line":11,"column":2},"end":{"line":11,"column":72}},"9":{"start":{"line":13,"column":2},"end":{"line":14,"column":73}},"10":{"start":{"line":16,"column":0},"end":{"line":24,"column":5}},"11":{"start":{"line":19,"column":4},"end":{"line":19,"column":51}},"12":{"start":{"line":22,"column":4},"end":{"line":22,"column":45}},"13":{"start":{"line":23,"column":4},"end":{"line":23,"column":21}},"14":{"start":{"line":26,"column":0},"end":{"line":26,"column":24}},"15":{"start":{"line":27,"column":0},"end":{"line":27,"column":49}},"16":{"start":{"line":28,"column":0},"end":{"line":28,"column":16}},"17":{"start":{"line":29,"column":0},"end":{"line":29,"column":21}},"18":{"start":{"line":30,"column":0},"end":{"line":30,"column":22}},"19":{"start":{"line":32,"column":13},"end":{"line":32,"column":37}},"20":{"start":{"line":33,"column":0},"end":{"line":36,"column":3}},"21":{"start":{"line":34,"column":2},"end":{"line":34,"column":60}},"22":{"start":{"line":35,"column":2},"end":{"line":35,"column":44}},"23":{"start":{"line":38,"column":0},"end":{"line":38,"column":21}}},"fnMap":{"0":{"name":"(anonymous_0)","decl":{"start":{"line":18,"column":8},"end":{"line":18,"column":9}},"loc":{"start":{"line":18,"column":14},"end":{"line":20,"column":3}},"line":18},"1":{"name":"(anonymous_1)","decl":{"start":{"line":21,"column":9},"end":{"line":21,"column":10}},"loc":{"start":{"line":21,"column":16},"end":{"line":24,"column":3}},"line":21},"2":{"name":"(anonymous_2)","decl":{"start":{"line":33,"column":17},"end":{"line":33,"column":18}},"loc":{"start":{"line":33,"column":23},"end":{"line":36,"column":1}},"line":33}},"branchMap":{"0":{"loc":{"start":{"line":10,"column":0},"end":{"line":15,"column":1}},"type":"if","locations":[{"start":{"line":10,"column":0},"end":{"line":15,"column":1}},{"start":{"line":10,"column":0},"end":{"line":15,"column":1}}],"line":10},"1":{"loc":{"start":{"line":10,"column":4},"end":{"line":10,"column":76}},"type":"binary-expr","locations":[{"start":{"line":10,"column":4},"end":{"line":10,"column":34}},{"start":{"line":10,"column":38},"end":{"line":10,"column":76}}],"line":10},"2":{"loc":{"start":{"line":32,"column":13},"end":{"line":32,"column":37}},"type":"binary-expr","locations":[{"start":{"line":32,"column":13},"end":{"line":32,"column":29}},{"start":{"line":32,"column":33},"end":{"line":32,"column":37}}],"line":32}},"s":{"0":1,"1":1,"2":1,"3":1,"4":1,"5":1,"6":1,"7":1,"8":0,"9":1,"10":1,"11":0,"12":0,"13":0,"14":1,"15":1,"16":1,"17":1,"18":1,"19":1,"20":1,"21":0,"22":0,"23":1},"f":{"0":0,"1":0,"2":0},"b":{"0":[0,1],"1":[1,1],"2":[1,1]},"_coverageSchema":"43e27e138ebf9cfc5966b082cf9a028302ed4184","hash":"3bcb2736ef4911ddeebc91f46678da4c6ebd8518"}
,"/home/alvin/Documents/Hacktiv8/FinalProject/server/controllers/product.js": {"path":"/home/alvin/Documents/Hacktiv8/FinalProject/server/controllers/product.js","statementMap":{"0":{"start":{"line":1,"column":16},"end":{"line":1,"column":47}},"1":{"start":{"line":2,"column":12},"end":{"line":2,"column":36}},"2":{"start":{"line":10,"column":4},"end":{"line":40,"column":19}},"3":{"start":{"line":21,"column":8},"end":{"line":21,"column":24}},"4":{"start":{"line":22,"column":8},"end":{"line":38,"column":23}},"5":{"start":{"line":28,"column":12},"end":{"line":36,"column":27}},"6":{"start":{"line":34,"column":16},"end":{"line":34,"column":63}},"7":{"start":{"line":47,"column":4},"end":{"line":52,"column":19}},"8":{"start":{"line":50,"column":8},"end":{"line":50,"column":37}},"9":{"start":{"line":59,"column":4},"end":{"line":66,"column":19}},"10":{"start":{"line":64,"column":8},"end":{"line":64,"column":37}},"11":{"start":{"line":73,"column":4},"end":{"line":105,"column":19}},"12":{"start":{"line":76,"column":8},"end":{"line":76,"column":35}},"13":{"start":{"line":77,"column":8},"end":{"line":103,"column":9}},"14":{"start":{"line":78,"column":23},"end":{"line":80,"column":12}},"15":{"start":{"line":79,"column":12},"end":{"line":79,"column":45}},"16":{"start":{"line":82,"column":10},"end":{"line":100,"column":11}},"17":{"start":{"line":83,"column":25},"end":{"line":83,"column":55}},"18":{"start":{"line":84,"column":12},"end":{"line":97,"column":13}},"19":{"start":{"line":86,"column":16},"end":{"line":88,"column":19}},"20":{"start":{"line":87,"column":18},"end":{"line":87,"column":57}},"21":{"start":{"line":89,"column":16},"end":{"line":89,"column":45}},"22":{"start":{"line":91,"column":16},"end":{"line":93,"column":19}},"23":{"start":{"line":92,"column":18},"end":{"line":92,"column":57}},"24":{"start":{"line":94,"column":16},"end":{"line":94,"column":45}},"25":{"start":{"line":96,"column":16},"end":{"line":96,"column":45}},"26":{"start":{"line":99,"column":12},"end":{"line":99,"column":41}},"27":{"start":{"line":102,"column":10},"end":{"line":102,"column":39}},"28":{"start":{"line":112,"column":13},"end":{"line":112,"column":26}},"29":{"start":{"line":113,"column":4},"end":{"line":119,"column":19}},"30":{"start":{"line":117,"column":8},"end":{"line":117,"column":37}},"31":{"start":{"line":126,"column":4},"end":{"line":144,"column":19}},"32":{"start":{"line":142,"column":8},"end":{"line":142,"column":34}},"33":{"start":{"line":148,"column":0},"end":{"line":148,"column":35}}},"fnMap":{"0":{"name":"(anonymous_0)","decl":{"start":{"line":8,"column":2},"end":{"line":8,"column":3}},"loc":{"start":{"line":8,"column":32},"end":{"line":41,"column":3}},"line":8},"1":{"name":"(anonymous_1)","decl":{"start":{"line":20,"column":12},"end":{"line":20,"column":13}},"loc":{"start":{"line":20,"column":22},"end":{"line":39,"column":7}},"line":20},"2":{"name":"(anonymous_2)","decl":{"start":{"line":27,"column":16},"end":{"line":27,"column":17}},"loc":{"start":{"line":27,"column":23},"end":{"line":37,"column":11}},"line":27},"3":{"name":"(anonymous_3)","decl":{"start":{"line":33,"column":20},"end":{"line":33,"column":21}},"loc":{"start":{"line":33,"column":29},"end":{"line":35,"column":15}},"line":33},"4":{"name":"(anonymous_4)","decl":{"start":{"line":46,"column":2},"end":{"line":46,"column":3}},"loc":{"start":{"line":46,"column":38},"end":{"line":53,"column":3}},"line":46},"5":{"name":"(anonymous_5)","decl":{"start":{"line":49,"column":12},"end":{"line":49,"column":13}},"loc":{"start":{"line":49,"column":22},"end":{"line":51,"column":7}},"line":49},"6":{"name":"(anonymous_6)","decl":{"start":{"line":58,"column":2},"end":{"line":58,"column":3}},"loc":{"start":{"line":58,"column":34},"end":{"line":67,"column":3}},"line":58},"7":{"name":"(anonymous_7)","decl":{"start":{"line":63,"column":12},"end":{"line":63,"column":13}},"loc":{"start":{"line":63,"column":22},"end":{"line":65,"column":7}},"line":63},"8":{"name":"(anonymous_8)","decl":{"start":{"line":72,"column":2},"end":{"line":72,"column":3}},"loc":{"start":{"line":72,"column":33},"end":{"line":106,"column":3}},"line":72},"9":{"name":"(anonymous_9)","decl":{"start":{"line":75,"column":12},"end":{"line":75,"column":13}},"loc":{"start":{"line":75,"column":22},"end":{"line":104,"column":7}},"line":75},"10":{"name":"(anonymous_10)","decl":{"start":{"line":78,"column":35},"end":{"line":78,"column":36}},"loc":{"start":{"line":78,"column":45},"end":{"line":80,"column":11}},"line":78},"11":{"name":"(anonymous_11)","decl":{"start":{"line":86,"column":37},"end":{"line":86,"column":38}},"loc":{"start":{"line":86,"column":47},"end":{"line":88,"column":17}},"line":86},"12":{"name":"(anonymous_12)","decl":{"start":{"line":91,"column":37},"end":{"line":91,"column":38}},"loc":{"start":{"line":91,"column":47},"end":{"line":93,"column":17}},"line":91},"13":{"name":"(anonymous_13)","decl":{"start":{"line":111,"column":2},"end":{"line":111,"column":3}},"loc":{"start":{"line":111,"column":35},"end":{"line":120,"column":3}},"line":111},"14":{"name":"(anonymous_14)","decl":{"start":{"line":116,"column":12},"end":{"line":116,"column":13}},"loc":{"start":{"line":116,"column":22},"end":{"line":118,"column":7}},"line":116},"15":{"name":"(anonymous_15)","decl":{"start":{"line":125,"column":2},"end":{"line":125,"column":3}},"loc":{"start":{"line":125,"column":32},"end":{"line":145,"column":3}},"line":125},"16":{"name":"(anonymous_16)","decl":{"start":{"line":141,"column":12},"end":{"line":141,"column":13}},"loc":{"start":{"line":141,"column":19},"end":{"line":143,"column":7}},"line":141}},"branchMap":{"0":{"loc":{"start":{"line":77,"column":8},"end":{"line":103,"column":9}},"type":"if","locations":[{"start":{"line":77,"column":8},"end":{"line":103,"column":9}},{"start":{"line":77,"column":8},"end":{"line":103,"column":9}}],"line":77},"1":{"loc":{"start":{"line":82,"column":10},"end":{"line":100,"column":11}},"type":"if","locations":[{"start":{"line":82,"column":10},"end":{"line":100,"column":11}},{"start":{"line":82,"column":10},"end":{"line":100,"column":11}}],"line":82},"2":{"loc":{"start":{"line":84,"column":12},"end":{"line":97,"column":13}},"type":"switch","locations":[{"start":{"line":85,"column":14},"end":{"line":89,"column":45}},{"start":{"line":90,"column":14},"end":{"line":94,"column":45}},{"start":{"line":95,"column":14},"end":{"line":96,"column":45}}],"line":84}},"s":{"0":1,"1":1,"2":0,"3":0,"4":0,"5":0,"6":0,"7":0,"8":0,"9":0,"10":0,"11":0,"12":0,"13":0,"14":0,"15":0,"16":0,"17":0,"18":0,"19":0,"20":0,"21":0,"22":0,"23":0,"24":0,"25":0,"26":0,"27":0,"28":0,"29":0,"30":0,"31":0,"32":0,"33":1},"f":{"0":0,"1":0,"2":0,"3":0,"4":0,"5":0,"6":0,"7":0,"8":0,"9":0,"10":0,"11":0,"12":0,"13":0,"14":0,"15":0,"16":0},"b":{"0":[0,0],"1":[0,0],"2":[0,0,0]},"_coverageSchema":"43e27e138ebf9cfc5966b082cf9a028302ed4184","hash":"0d8e036edf7182d7c8bfec4c4ec25373c72b0ac4"}
,"/home/alvin/Documents/Hacktiv8/FinalProject/server/controllers/user.js": {"path":"/home/alvin/Documents/Hacktiv8/FinalProject/server/controllers/user.js","statementMap":{"0":{"start":{"line":1,"column":13},"end":{"line":1,"column":41}},"1":{"start":{"line":2,"column":12},"end":{"line":2,"column":36}},"2":{"start":{"line":3,"column":17},"end":{"line":3,"column":48}},"3":{"start":{"line":4,"column":12},"end":{"line":4,"column":40}},"4":{"start":{"line":11,"column":49},"end":{"line":11,"column":57}},"5":{"start":{"line":12,"column":4},"end":{"line":23,"column":19}},"6":{"start":{"line":20,"column":57},"end":{"line":20,"column":63}},"7":{"start":{"line":21,"column":8},"end":{"line":21,"column":73}},"8":{"start":{"line":30,"column":30},"end":{"line":30,"column":38}},"9":{"start":{"line":31,"column":4},"end":{"line":59,"column":19}},"10":{"start":{"line":35,"column":8},"end":{"line":57,"column":9}},"11":{"start":{"line":36,"column":22},"end":{"line":36,"column":71}},"12":{"start":{"line":37,"column":10},"end":{"line":51,"column":11}},"13":{"start":{"line":38,"column":12},"end":{"line":38,"column":35}},"14":{"start":{"line":39,"column":24},"end":{"line":42,"column":14}},"15":{"start":{"line":43,"column":68},"end":{"line":43,"column":74}},"16":{"start":{"line":44,"column":23},"end":{"line":44,"column":72}},"17":{"start":{"line":45,"column":12},"end":{"line":45,"column":53}},"18":{"start":{"line":47,"column":12},"end":{"line":50,"column":14}},"19":{"start":{"line":53,"column":10},"end":{"line":56,"column":12}},"20":{"start":{"line":66,"column":20},"end":{"line":66,"column":31}},"21":{"start":{"line":67,"column":4},"end":{"line":75,"column":19}},"22":{"start":{"line":71,"column":64},"end":{"line":71,"column":70}},"23":{"start":{"line":72,"column":19},"end":{"line":72,"column":68}},"24":{"start":{"line":73,"column":8},"end":{"line":73,"column":35}},"25":{"start":{"line":79,"column":14},"end":{"line":79,"column":16}},"26":{"start":{"line":80,"column":18},"end":{"line":88,"column":5}},"27":{"start":{"line":90,"column":4},"end":{"line":95,"column":7}},"28":{"start":{"line":91,"column":6},"end":{"line":94,"column":7}},"29":{"start":{"line":92,"column":8},"end":{"line":93,"column":37}},"30":{"start":{"line":93,"column":10},"end":{"line":93,"column":37}},"31":{"start":{"line":97,"column":4},"end":{"line":101,"column":19}},"32":{"start":{"line":99,"column":8},"end":{"line":99,"column":34}},"33":{"start":{"line":105,"column":4},"end":{"line":133,"column":19}},"34":{"start":{"line":107,"column":8},"end":{"line":131,"column":9}},"35":{"start":{"line":108,"column":22},"end":{"line":111,"column":11}},"36":{"start":{"line":112,"column":10},"end":{"line":125,"column":11}},"37":{"start":{"line":113,"column":12},"end":{"line":113,"column":51}},"38":{"start":{"line":114,"column":12},"end":{"line":119,"column":27}},"39":{"start":{"line":117,"column":16},"end":{"line":117,"column":42}},"40":{"start":{"line":121,"column":12},"end":{"line":124,"column":14}},"41":{"start":{"line":127,"column":10},"end":{"line":130,"column":12}},"42":{"start":{"line":137,"column":4},"end":{"line":165,"column":19}},"43":{"start":{"line":139,"column":8},"end":{"line":163,"column":9}},"44":{"start":{"line":140,"column":22},"end":{"line":143,"column":11}},"45":{"start":{"line":144,"column":10},"end":{"line":157,"column":11}},"46":{"start":{"line":145,"column":12},"end":{"line":145,"column":54}},"47":{"start":{"line":146,"column":12},"end":{"line":151,"column":27}},"48":{"start":{"line":149,"column":16},"end":{"line":149,"column":42}},"49":{"start":{"line":153,"column":12},"end":{"line":156,"column":14}},"50":{"start":{"line":159,"column":10},"end":{"line":162,"column":12}},"51":{"start":{"line":172,"column":17},"end":{"line":172,"column":28}},"52":{"start":{"line":173,"column":22},"end":{"line":173,"column":30}},"53":{"start":{"line":174,"column":4},"end":{"line":174,"column":30}},"54":{"start":{"line":175,"column":4},"end":{"line":175,"column":25}},"55":{"start":{"line":176,"column":4},"end":{"line":182,"column":19}},"56":{"start":{"line":178,"column":64},"end":{"line":178,"column":70}},"57":{"start":{"line":179,"column":19},"end":{"line":179,"column":68}},"58":{"start":{"line":180,"column":8},"end":{"line":180,"column":35}},"59":{"start":{"line":189,"column":4},"end":{"line":195,"column":19}},"60":{"start":{"line":193,"column":8},"end":{"line":193,"column":22}},"61":{"start":{"line":199,"column":0},"end":{"line":199,"column":32}}},"fnMap":{"0":{"name":"(anonymous_0)","decl":{"start":{"line":10,"column":2},"end":{"line":10,"column":3}},"loc":{"start":{"line":10,"column":32},"end":{"line":24,"column":3}},"line":10},"1":{"name":"(anonymous_1)","decl":{"start":{"line":19,"column":12},"end":{"line":19,"column":13}},"loc":{"start":{"line":19,"column":22},"end":{"line":22,"column":7}},"line":19},"2":{"name":"(anonymous_2)","decl":{"start":{"line":29,"column":2},"end":{"line":29,"column":3}},"loc":{"start":{"line":29,"column":32},"end":{"line":60,"column":3}},"line":29},"3":{"name":"(anonymous_3)","decl":{"start":{"line":34,"column":12},"end":{"line":34,"column":13}},"loc":{"start":{"line":34,"column":22},"end":{"line":58,"column":7}},"line":34},"4":{"name":"(anonymous_4)","decl":{"start":{"line":65,"column":2},"end":{"line":65,"column":3}},"loc":{"start":{"line":65,"column":33},"end":{"line":76,"column":3}},"line":65},"5":{"name":"(anonymous_5)","decl":{"start":{"line":70,"column":12},"end":{"line":70,"column":13}},"loc":{"start":{"line":70,"column":22},"end":{"line":74,"column":7}},"line":70},"6":{"name":"(anonymous_6)","decl":{"start":{"line":78,"column":2},"end":{"line":78,"column":3}},"loc":{"start":{"line":78,"column":39},"end":{"line":102,"column":3}},"line":78},"7":{"name":"(anonymous_7)","decl":{"start":{"line":90,"column":25},"end":{"line":90,"column":26}},"loc":{"start":{"line":90,"column":33},"end":{"line":95,"column":5}},"line":90},"8":{"name":"(anonymous_8)","decl":{"start":{"line":98,"column":12},"end":{"line":98,"column":13}},"loc":{"start":{"line":98,"column":19},"end":{"line":100,"column":7}},"line":98},"9":{"name":"(anonymous_9)","decl":{"start":{"line":104,"column":2},"end":{"line":104,"column":3}},"loc":{"start":{"line":104,"column":40},"end":{"line":134,"column":3}},"line":104},"10":{"name":"(anonymous_10)","decl":{"start":{"line":106,"column":12},"end":{"line":106,"column":13}},"loc":{"start":{"line":106,"column":22},"end":{"line":132,"column":7}},"line":106},"11":{"name":"(anonymous_11)","decl":{"start":{"line":116,"column":20},"end":{"line":116,"column":21}},"loc":{"start":{"line":116,"column":27},"end":{"line":118,"column":15}},"line":116},"12":{"name":"(anonymous_12)","decl":{"start":{"line":136,"column":2},"end":{"line":136,"column":3}},"loc":{"start":{"line":136,"column":43},"end":{"line":166,"column":3}},"line":136},"13":{"name":"(anonymous_13)","decl":{"start":{"line":138,"column":12},"end":{"line":138,"column":13}},"loc":{"start":{"line":138,"column":22},"end":{"line":164,"column":7}},"line":138},"14":{"name":"(anonymous_14)","decl":{"start":{"line":148,"column":20},"end":{"line":148,"column":21}},"loc":{"start":{"line":148,"column":27},"end":{"line":150,"column":15}},"line":148},"15":{"name":"(anonymous_15)","decl":{"start":{"line":171,"column":2},"end":{"line":171,"column":3}},"loc":{"start":{"line":171,"column":31},"end":{"line":183,"column":3}},"line":171},"16":{"name":"(anonymous_16)","decl":{"start":{"line":177,"column":12},"end":{"line":177,"column":13}},"loc":{"start":{"line":177,"column":22},"end":{"line":181,"column":7}},"line":177},"17":{"name":"(anonymous_17)","decl":{"start":{"line":188,"column":2},"end":{"line":188,"column":3}},"loc":{"start":{"line":188,"column":43},"end":{"line":196,"column":3}},"line":188},"18":{"name":"(anonymous_18)","decl":{"start":{"line":192,"column":12},"end":{"line":192,"column":13}},"loc":{"start":{"line":192,"column":19},"end":{"line":194,"column":7}},"line":192}},"branchMap":{"0":{"loc":{"start":{"line":35,"column":8},"end":{"line":57,"column":9}},"type":"if","locations":[{"start":{"line":35,"column":8},"end":{"line":57,"column":9}},{"start":{"line":35,"column":8},"end":{"line":57,"column":9}}],"line":35},"1":{"loc":{"start":{"line":37,"column":10},"end":{"line":51,"column":11}},"type":"if","locations":[{"start":{"line":37,"column":10},"end":{"line":51,"column":11}},{"start":{"line":37,"column":10},"end":{"line":51,"column":11}}],"line":37},"2":{"loc":{"start":{"line":91,"column":6},"end":{"line":94,"column":7}},"type":"if","locations":[{"start":{"line":91,"column":6},"end":{"line":94,"column":7}},{"start":{"line":91,"column":6},"end":{"line":94,"column":7}}],"line":91},"3":{"loc":{"start":{"line":92,"column":8},"end":{"line":93,"column":37}},"type":"if","locations":[{"start":{"line":92,"column":8},"end":{"line":93,"column":37}},{"start":{"line":92,"column":8},"end":{"line":93,"column":37}}],"line":92},"4":{"loc":{"start":{"line":107,"column":8},"end":{"line":131,"column":9}},"type":"if","locations":[{"start":{"line":107,"column":8},"end":{"line":131,"column":9}},{"start":{"line":107,"column":8},"end":{"line":131,"column":9}}],"line":107},"5":{"loc":{"start":{"line":112,"column":10},"end":{"line":125,"column":11}},"type":"if","locations":[{"start":{"line":112,"column":10},"end":{"line":125,"column":11}},{"start":{"line":112,"column":10},"end":{"line":125,"column":11}}],"line":112},"6":{"loc":{"start":{"line":139,"column":8},"end":{"line":163,"column":9}},"type":"if","locations":[{"start":{"line":139,"column":8},"end":{"line":163,"column":9}},{"start":{"line":139,"column":8},"end":{"line":163,"column":9}}],"line":139},"7":{"loc":{"start":{"line":144,"column":10},"end":{"line":157,"column":11}},"type":"if","locations":[{"start":{"line":144,"column":10},"end":{"line":157,"column":11}},{"start":{"line":144,"column":10},"end":{"line":157,"column":11}}],"line":144}},"s":{"0":1,"1":1,"2":1,"3":1,"4":0,"5":0,"6":0,"7":0,"8":0,"9":0,"10":0,"11":0,"12":0,"13":0,"14":0,"15":0,"16":0,"17":0,"18":0,"19":0,"20":0,"21":0,"22":0,"23":0,"24":0,"25":0,"26":0,"27":0,"28":0,"29":0,"30":0,"31":0,"32":0,"33":0,"34":0,"35":0,"36":0,"37":0,"38":0,"39":0,"40":0,"41":0,"42":0,"43":0,"44":0,"45":0,"46":0,"47":0,"48":0,"49":0,"50":0,"51":0,"52":0,"53":0,"54":0,"55":0,"56":0,"57":0,"58":0,"59":0,"60":0,"61":1},"f":{"0":0,"1":0,"2":0,"3":0,"4":0,"5":0,"6":0,"7":0,"8":0,"9":0,"10":0,"11":0,"12":0,"13":0,"14":0,"15":0,"16":0,"17":0,"18":0},"b":{"0":[0,0],"1":[0,0],"2":[0,0],"3":[0,0],"4":[0,0],"5":[0,0],"6":[0,0],"7":[0,0]},"_coverageSchema":"43e27e138ebf9cfc5966b082cf9a028302ed4184","hash":"a5946faea7a5ac4244b99e3915e4caf40532544d"}
,"/home/alvin/Documents/Hacktiv8/FinalProject/server/helpers/bcrypt.js": {"path":"/home/alvin/Documents/Hacktiv8/FinalProject/server/helpers/bcrypt.js","statementMap":{"0":{"start":{"line":1,"column":15},"end":{"line":1,"column":34}},"1":{"start":{"line":2,"column":13},"end":{"line":2,"column":35}},"2":{"start":{"line":4,"column":0},"end":{"line":12,"column":1}},"3":{"start":{"line":6,"column":4},"end":{"line":6,"column":47}},"4":{"start":{"line":9,"column":17},"end":{"line":9,"column":56}},"5":{"start":{"line":10,"column":4},"end":{"line":10,"column":18}}},"fnMap":{"0":{"name":"(anonymous_0)","decl":{"start":{"line":5,"column":16},"end":{"line":5,"column":17}},"loc":{"start":{"line":5,"column":40},"end":{"line":7,"column":3}},"line":5},"1":{"name":"(anonymous_1)","decl":{"start":{"line":8,"column":17},"end":{"line":8,"column":18}},"loc":{"start":{"line":8,"column":47},"end":{"line":11,"column":3}},"line":8}},"branchMap":{},"s":{"0":1,"1":1,"2":1,"3":0,"4":0,"5":0},"f":{"0":0,"1":0},"b":{},"_coverageSchema":"43e27e138ebf9cfc5966b082cf9a028302ed4184","hash":"a1c58528b508ae9b03e89cabc5057ac2c290091f"}
,"/home/alvin/Documents/Hacktiv8/FinalProject/server/helpers/error-handler.js": {"path":"/home/alvin/Documents/Hacktiv8/FinalProject/server/helpers/error-handler.js","statementMap":{"0":{"start":{"line":1,"column":0},"end":{"line":36,"column":2}},"1":{"start":{"line":2,"column":2},"end":{"line":35,"column":3}},"2":{"start":{"line":3,"column":4},"end":{"line":5,"column":7}},"3":{"start":{"line":6,"column":9},"end":{"line":35,"column":3}},"4":{"start":{"line":7,"column":4},"end":{"line":9,"column":7}},"5":{"start":{"line":10,"column":9},"end":{"line":35,"column":3}},"6":{"start":{"line":11,"column":4},"end":{"line":13,"column":7}},"7":{"start":{"line":14,"column":9},"end":{"line":35,"column":3}},"8":{"start":{"line":15,"column":22},"end":{"line":15,"column":25}},"9":{"start":{"line":16,"column":14},"end":{"line":24,"column":5}},"10":{"start":{"line":25,"column":4},"end":{"line":29,"column":5}},"11":{"start":{"line":25,"column":17},"end":{"line":25,"column":18}},"12":{"start":{"line":26,"column":6},"end":{"line":28,"column":7}},"13":{"start":{"line":27,"column":8},"end":{"line":27,"column":46}},"14":{"start":{"line":30,"column":4},"end":{"line":30,"column":38}},"15":{"start":{"line":32,"column":4},"end":{"line":34,"column":7}}},"fnMap":{"0":{"name":"(anonymous_0)","decl":{"start":{"line":1,"column":17},"end":{"line":1,"column":18}},"loc":{"start":{"line":1,"column":47},"end":{"line":36,"column":1}},"line":1}},"branchMap":{"0":{"loc":{"start":{"line":2,"column":2},"end":{"line":35,"column":3}},"type":"if","locations":[{"start":{"line":2,"column":2},"end":{"line":35,"column":3}},{"start":{"line":2,"column":2},"end":{"line":35,"column":3}}],"line":2},"1":{"loc":{"start":{"line":6,"column":9},"end":{"line":35,"column":3}},"type":"if","locations":[{"start":{"line":6,"column":9},"end":{"line":35,"column":3}},{"start":{"line":6,"column":9},"end":{"line":35,"column":3}}],"line":6},"2":{"loc":{"start":{"line":10,"column":9},"end":{"line":35,"column":3}},"type":"if","locations":[{"start":{"line":10,"column":9},"end":{"line":35,"column":3}},{"start":{"line":10,"column":9},"end":{"line":35,"column":3}}],"line":10},"3":{"loc":{"start":{"line":14,"column":9},"end":{"line":35,"column":3}},"type":"if","locations":[{"start":{"line":14,"column":9},"end":{"line":35,"column":3}},{"start":{"line":14,"column":9},"end":{"line":35,"column":3}}],"line":14},"4":{"loc":{"start":{"line":14,"column":13},"end":{"line":14,"column":70}},"type":"binary-expr","locations":[{"start":{"line":14,"column":13},"end":{"line":14,"column":43}},{"start":{"line":14,"column":47},"end":{"line":14,"column":70}}],"line":14},"5":{"loc":{"start":{"line":26,"column":6},"end":{"line":28,"column":7}},"type":"if","locations":[{"start":{"line":26,"column":6},"end":{"line":28,"column":7}},{"start":{"line":26,"column":6},"end":{"line":28,"column":7}}],"line":26}},"s":{"0":1,"1":0,"2":0,"3":0,"4":0,"5":0,"6":0,"7":0,"8":0,"9":0,"10":0,"11":0,"12":0,"13":0,"14":0,"15":0},"f":{"0":0},"b":{"0":[0,0],"1":[0,0],"2":[0,0],"3":[0,0],"4":[0,0],"5":[0,0]},"_coverageSchema":"43e27e138ebf9cfc5966b082cf9a028302ed4184","hash":"f848d1e967c32fd2a895381a1ff9b3b33d6af700"}
,"/home/alvin/Documents/Hacktiv8/FinalProject/server/helpers/jwt.js": {"path":"/home/alvin/Documents/Hacktiv8/FinalProject/server/helpers/jwt.js","statementMap":{"0":{"start":{"line":1,"column":13},"end":{"line":1,"column":36}},"1":{"start":{"line":3,"column":0},"end":{"line":10,"column":3}},"2":{"start":{"line":5,"column":6},"end":{"line":5,"column":47}},"3":{"start":{"line":8,"column":6},"end":{"line":8,"column":50}}},"fnMap":{"0":{"name":"(anonymous_0)","decl":{"start":{"line":4,"column":10},"end":{"line":4,"column":11}},"loc":{"start":{"line":4,"column":25},"end":{"line":6,"column":5}},"line":4},"1":{"name":"(anonymous_1)","decl":{"start":{"line":7,"column":12},"end":{"line":7,"column":13}},"loc":{"start":{"line":7,"column":28},"end":{"line":9,"column":5}},"line":7}},"branchMap":{},"s":{"0":1,"1":1,"2":0,"3":0},"f":{"0":0,"1":0},"b":{},"_coverageSchema":"43e27e138ebf9cfc5966b082cf9a028302ed4184","hash":"79a7789b73f4c2f404686901cf615ae0472e92d2"}
,"/home/alvin/Documents/Hacktiv8/FinalProject/server/middlewares/auth.js": {"path":"/home/alvin/Documents/Hacktiv8/FinalProject/server/middlewares/auth.js","statementMap":{"0":{"start":{"line":1,"column":12},"end":{"line":1,"column":40}},"1":{"start":{"line":2,"column":13},"end":{"line":2,"column":41}},"2":{"start":{"line":3,"column":16},"end":{"line":3,"column":47}},"3":{"start":{"line":5,"column":0},"end":{"line":57,"column":2}},"4":{"start":{"line":7,"column":16},"end":{"line":7,"column":33}},"5":{"start":{"line":8,"column":18},"end":{"line":8,"column":22}},"6":{"start":{"line":9,"column":4},"end":{"line":15,"column":5}},"7":{"start":{"line":10,"column":6},"end":{"line":10,"column":34}},"8":{"start":{"line":12,"column":6},"end":{"line":14,"column":9}},"9":{"start":{"line":16,"column":4},"end":{"line":29,"column":19}},"10":{"start":{"line":20,"column":8},"end":{"line":27,"column":9}},"11":{"start":{"line":21,"column":10},"end":{"line":21,"column":32}},"12":{"start":{"line":22,"column":10},"end":{"line":22,"column":17}},"13":{"start":{"line":24,"column":10},"end":{"line":26,"column":13}},"14":{"start":{"line":32,"column":4},"end":{"line":42,"column":19}},"15":{"start":{"line":34,"column":8},"end":{"line":40,"column":9}},"16":{"start":{"line":35,"column":10},"end":{"line":35,"column":17}},"17":{"start":{"line":37,"column":10},"end":{"line":39,"column":13}},"18":{"start":{"line":45,"column":4},"end":{"line":55,"column":19}},"19":{"start":{"line":47,"column":8},"end":{"line":53,"column":9}},"20":{"start":{"line":48,"column":10},"end":{"line":48,"column":17}},"21":{"start":{"line":50,"column":10},"end":{"line":52,"column":13}}},"fnMap":{"0":{"name":"(anonymous_0)","decl":{"start":{"line":6,"column":18},"end":{"line":6,"column":19}},"loc":{"start":{"line":6,"column":43},"end":{"line":30,"column":3}},"line":6},"1":{"name":"(anonymous_1)","decl":{"start":{"line":19,"column":12},"end":{"line":19,"column":13}},"loc":{"start":{"line":19,"column":20},"end":{"line":28,"column":7}},"line":19},"2":{"name":"(anonymous_2)","decl":{"start":{"line":31,"column":17},"end":{"line":31,"column":18}},"loc":{"start":{"line":31,"column":42},"end":{"line":43,"column":3}},"line":31},"3":{"name":"(anonymous_3)","decl":{"start":{"line":33,"column":12},"end":{"line":33,"column":13}},"loc":{"start":{"line":33,"column":22},"end":{"line":41,"column":7}},"line":33},"4":{"name":"(anonymous_4)","decl":{"start":{"line":44,"column":20},"end":{"line":44,"column":21}},"loc":{"start":{"line":44,"column":45},"end":{"line":56,"column":3}},"line":44},"5":{"name":"(anonymous_5)","decl":{"start":{"line":46,"column":12},"end":{"line":46,"column":13}},"loc":{"start":{"line":46,"column":22},"end":{"line":54,"column":7}},"line":46}},"branchMap":{"0":{"loc":{"start":{"line":20,"column":8},"end":{"line":27,"column":9}},"type":"if","locations":[{"start":{"line":20,"column":8},"end":{"line":27,"column":9}},{"start":{"line":20,"column":8},"end":{"line":27,"column":9}}],"line":20},"1":{"loc":{"start":{"line":34,"column":8},"end":{"line":40,"column":9}},"type":"if","locations":[{"start":{"line":34,"column":8},"end":{"line":40,"column":9}},{"start":{"line":34,"column":8},"end":{"line":40,"column":9}}],"line":34},"2":{"loc":{"start":{"line":47,"column":8},"end":{"line":53,"column":9}},"type":"if","locations":[{"start":{"line":47,"column":8},"end":{"line":53,"column":9}},{"start":{"line":47,"column":8},"end":{"line":53,"column":9}}],"line":47}},"s":{"0":1,"1":1,"2":1,"3":1,"4":0,"5":0,"6":0,"7":0,"8":0,"9":0,"10":0,"11":0,"12":0,"13":0,"14":0,"15":0,"16":0,"17":0,"18":0,"19":0,"20":0,"21":0},"f":{"0":0,"1":0,"2":0,"3":0,"4":0,"5":0},"b":{"0":[0,0],"1":[0,0],"2":[0,0]},"_coverageSchema":"43e27e138ebf9cfc5966b082cf9a028302ed4184","hash":"5334a8eea0aac329987a6c7536adfe4617cde920"}
,"/home/alvin/Documents/Hacktiv8/FinalProject/server/middlewares/upload.js": {"path":"/home/alvin/Documents/Hacktiv8/FinalProject/server/middlewares/upload.js","statementMap":{"0":{"start":{"line":1,"column":20},"end":{"line":1,"column":52}},"1":{"start":{"line":2,"column":21},"end":{"line":2,"column":45}},"2":{"start":{"line":3,"column":16},"end":{"line":6,"column":2}},"3":{"start":{"line":8,"column":15},"end":{"line":8,"column":43}},"4":{"start":{"line":9,"column":21},"end":{"line":11,"column":1}},"5":{"start":{"line":10,"column":2},"end":{"line":10,"column":70}},"6":{"start":{"line":13,"column":24},"end":{"line":55,"column":1}},"7":{"start":{"line":14,"column":2},"end":{"line":16,"column":3}},"8":{"start":{"line":15,"column":4},"end":{"line":15,"column":18}},"9":{"start":{"line":18,"column":17},"end":{"line":18,"column":19}},"10":{"start":{"line":19,"column":2},"end":{"line":49,"column":5}},"11":{"start":{"line":20,"column":20},"end":{"line":20,"column":52}},"12":{"start":{"line":21,"column":17},"end":{"line":21,"column":37}},"13":{"start":{"line":23,"column":23},"end":{"line":47,"column":6}},"14":{"start":{"line":24,"column":6},"end":{"line":46,"column":28}},"15":{"start":{"line":31,"column":10},"end":{"line":31,"column":46}},"16":{"start":{"line":33,"column":10},"end":{"line":40,"column":13}},"17":{"start":{"line":34,"column":12},"end":{"line":36,"column":13}},"18":{"start":{"line":35,"column":14},"end":{"line":35,"column":38}},"19":{"start":{"line":37,"column":12},"end":{"line":37,"column":59}},"20":{"start":{"line":38,"column":12},"end":{"line":38,"column":44}},"21":{"start":{"line":39,"column":12},"end":{"line":39,"column":22}},"22":{"start":{"line":43,"column":10},"end":{"line":43,"column":41}},"23":{"start":{"line":44,"column":10},"end":{"line":44,"column":20}},"24":{"start":{"line":48,"column":4},"end":{"line":48,"column":30}},"25":{"start":{"line":50,"column":2},"end":{"line":54,"column":17}},"26":{"start":{"line":52,"column":6},"end":{"line":52,"column":13}},"27":{"start":{"line":57,"column":15},"end":{"line":57,"column":32}},"28":{"start":{"line":58,"column":11},"end":{"line":63,"column":4}},"29":{"start":{"line":65,"column":0},"end":{"line":69,"column":2}}},"fnMap":{"0":{"name":"(anonymous_0)","decl":{"start":{"line":9,"column":21},"end":{"line":9,"column":22}},"loc":{"start":{"line":9,"column":33},"end":{"line":11,"column":1}},"line":9},"1":{"name":"(anonymous_1)","decl":{"start":{"line":13,"column":24},"end":{"line":13,"column":25}},"loc":{"start":{"line":13,"column":44},"end":{"line":55,"column":1}},"line":13},"2":{"name":"(anonymous_2)","decl":{"start":{"line":19,"column":20},"end":{"line":19,"column":21}},"loc":{"start":{"line":19,"column":39},"end":{"line":49,"column":3}},"line":19},"3":{"name":"(anonymous_3)","decl":{"start":{"line":23,"column":35},"end":{"line":23,"column":36}},"loc":{"start":{"line":23,"column":56},"end":{"line":47,"column":5}},"line":23},"4":{"name":"(anonymous_4)","decl":{"start":{"line":30,"column":22},"end":{"line":30,"column":23}},"loc":{"start":{"line":30,"column":28},"end":{"line":41,"column":9}},"line":30},"5":{"name":"(anonymous_5)","decl":{"start":{"line":33,"column":33},"end":{"line":33,"column":34}},"loc":{"start":{"line":33,"column":39},"end":{"line":40,"column":11}},"line":33},"6":{"name":"(anonymous_6)","decl":{"start":{"line":42,"column":21},"end":{"line":42,"column":22}},"loc":{"start":{"line":42,"column":28},"end":{"line":45,"column":9}},"line":42},"7":{"name":"(anonymous_7)","decl":{"start":{"line":51,"column":10},"end":{"line":51,"column":11}},"loc":{"start":{"line":51,"column":22},"end":{"line":53,"column":5}},"line":51}},"branchMap":{"0":{"loc":{"start":{"line":14,"column":2},"end":{"line":16,"column":3}},"type":"if","locations":[{"start":{"line":14,"column":2},"end":{"line":16,"column":3}},{"start":{"line":14,"column":2},"end":{"line":16,"column":3}}],"line":14},"1":{"loc":{"start":{"line":34,"column":12},"end":{"line":36,"column":13}},"type":"if","locations":[{"start":{"line":34,"column":12},"end":{"line":36,"column":13}},{"start":{"line":34,"column":12},"end":{"line":36,"column":13}}],"line":34}},"s":{"0":1,"1":1,"2":1,"3":1,"4":1,"5":0,"6":1,"7":0,"8":0,"9":0,"10":0,"11":0,"12":0,"13":0,"14":0,"15":0,"16":0,"17":0,"18":0,"19":0,"20":0,"21":0,"22":0,"23":0,"24":0,"25":0,"26":0,"27":1,"28":1,"29":1},"f":{"0":0,"1":0,"2":0,"3":0,"4":0,"5":0,"6":0,"7":0},"b":{"0":[0,0],"1":[0,0]},"_coverageSchema":"43e27e138ebf9cfc5966b082cf9a028302ed4184","hash":"ef15102a615d43935d8a531ab0f6da4297cf6cbd"}
,"/home/alvin/Documents/Hacktiv8/FinalProject/server/models/bid.js": {"path":"/home/alvin/Documents/Hacktiv8/FinalProject/server/models/bid.js","statementMap":{"0":{"start":{"line":1,"column":17},"end":{"line":1,"column":36}},"1":{"start":{"line":2,"column":15},"end":{"line":2,"column":30}},"2":{"start":{"line":3,"column":18},"end":{"line":18,"column":1}},"3":{"start":{"line":20,"column":12},"end":{"line":20,"column":44}},"4":{"start":{"line":22,"column":0},"end":{"line":22,"column":21}}},"fnMap":{},"branchMap":{},"s":{"0":1,"1":1,"2":1,"3":1,"4":1},"f":{},"b":{},"_coverageSchema":"43e27e138ebf9cfc5966b082cf9a028302ed4184","hash":"e57d49bbae08b9717601e1e38201fcf583d4dea6"}
,"/home/alvin/Documents/Hacktiv8/FinalProject/server/models/product.js": {"path":"/home/alvin/Documents/Hacktiv8/FinalProject/server/models/product.js","statementMap":{"0":{"start":{"line":1,"column":17},"end":{"line":1,"column":36}},"1":{"start":{"line":2,"column":15},"end":{"line":2,"column":30}},"2":{"start":{"line":3,"column":18},"end":{"line":18,"column":1}},"3":{"start":{"line":21,"column":12},"end":{"line":21,"column":44}},"4":{"start":{"line":23,"column":0},"end":{"line":23,"column":21}}},"fnMap":{},"branchMap":{},"s":{"0":1,"1":1,"2":1,"3":1,"4":1},"f":{},"b":{},"_coverageSchema":"43e27e138ebf9cfc5966b082cf9a028302ed4184","hash":"208b8164444d1df5a5022bc5c06d65394996b91f"}
,"/home/alvin/Documents/Hacktiv8/FinalProject/server/models/user.js": {"path":"/home/alvin/Documents/Hacktiv8/FinalProject/server/models/user.js","statementMap":{"0":{"start":{"line":1,"column":17},"end":{"line":1,"column":36}},"1":{"start":{"line":2,"column":15},"end":{"line":2,"column":46}},"2":{"start":{"line":3,"column":15},"end":{"line":3,"column":30}},"3":{"start":{"line":4,"column":19},"end":{"line":57,"column":2}},"4":{"start":{"line":15,"column":27},"end":{"line":15,"column":74}},"5":{"start":{"line":16,"column":10},"end":{"line":16,"column":41}},"6":{"start":{"line":22,"column":10},"end":{"line":33,"column":15}},"7":{"start":{"line":27,"column":14},"end":{"line":29,"column":15}},"8":{"start":{"line":28,"column":16},"end":{"line":28,"column":29}},"9":{"start":{"line":32,"column":14},"end":{"line":32,"column":26}},"10":{"start":{"line":59,"column":0},"end":{"line":62,"column":3}},"11":{"start":{"line":60,"column":2},"end":{"line":60,"column":53}},"12":{"start":{"line":61,"column":2},"end":{"line":61,"column":9}},"13":{"start":{"line":64,"column":13},"end":{"line":64,"column":47}},"14":{"start":{"line":66,"column":0},"end":{"line":66,"column":22}}},"fnMap":{"0":{"name":"(anonymous_0)","decl":{"start":{"line":14,"column":19},"end":{"line":14,"column":20}},"loc":{"start":{"line":14,"column":35},"end":{"line":17,"column":9}},"line":14},"1":{"name":"(anonymous_1)","decl":{"start":{"line":21,"column":19},"end":{"line":21,"column":20}},"loc":{"start":{"line":21,"column":35},"end":{"line":34,"column":9}},"line":21},"2":{"name":"(anonymous_2)","decl":{"start":{"line":26,"column":18},"end":{"line":26,"column":19}},"loc":{"start":{"line":26,"column":26},"end":{"line":30,"column":13}},"line":26},"3":{"name":"(anonymous_3)","decl":{"start":{"line":31,"column":19},"end":{"line":31,"column":20}},"loc":{"start":{"line":31,"column":26},"end":{"line":33,"column":13}},"line":31},"4":{"name":"(anonymous_4)","decl":{"start":{"line":59,"column":23},"end":{"line":59,"column":24}},"loc":{"start":{"line":59,"column":38},"end":{"line":62,"column":1}},"line":59}},"branchMap":{"0":{"loc":{"start":{"line":27,"column":14},"end":{"line":29,"column":15}},"type":"if","locations":[{"start":{"line":27,"column":14},"end":{"line":29,"column":15}},{"start":{"line":27,"column":14},"end":{"line":29,"column":15}}],"line":27}},"s":{"0":1,"1":1,"2":1,"3":1,"4":0,"5":0,"6":0,"7":0,"8":0,"9":0,"10":1,"11":0,"12":0,"13":1,"14":1},"f":{"0":0,"1":0,"2":0,"3":0,"4":0},"b":{"0":[0,0]},"_coverageSchema":"43e27e138ebf9cfc5966b082cf9a028302ed4184","hash":"113c718dd789fb053f0b8407fa13cd958c68ef46"}
,"/home/alvin/Documents/Hacktiv8/FinalProject/server/routes/index.js": {"path":"/home/alvin/Documents/Hacktiv8/FinalProject/server/routes/index.js","statementMap":{"0":{"start":{"line":1,"column":15},"end":{"line":1,"column":42}},"1":{"start":{"line":2,"column":13},"end":{"line":2,"column":33}},"2":{"start":{"line":3,"column":16},"end":{"line":3,"column":39}},"3":{"start":{"line":5,"column":0},"end":{"line":5,"column":22}},"4":{"start":{"line":6,"column":0},"end":{"line":6,"column":32}},"5":{"start":{"line":8,"column":0},"end":{"line":8,"column":24}}},"fnMap":{},"branchMap":{},"s":{"0":1,"1":1,"2":1,"3":1,"4":1,"5":1},"f":{},"b":{},"_coverageSchema":"43e27e138ebf9cfc5966b082cf9a028302ed4184","hash":"7a28ed26b8a75e81059f03dfc4976c894f22bf87"}
,"/home/alvin/Documents/Hacktiv8/FinalProject/server/routes/product.js": {"path":"/home/alvin/Documents/Hacktiv8/FinalProject/server/routes/product.js","statementMap":{"0":{"start":{"line":1,"column":15},"end":{"line":1,"column":42}},"1":{"start":{"line":2,"column":42},"end":{"line":2,"column":75}},"2":{"start":{"line":3,"column":26},"end":{"line":3,"column":62}},"3":{"start":{"line":4,"column":14},"end":{"line":4,"column":49}},"4":{"start":{"line":5,"column":16},"end":{"line":5,"column":44}},"5":{"start":{"line":7,"column":0},"end":{"line":7,"column":27}},"6":{"start":{"line":8,"column":0},"end":{"line":13,"column":2}},"7":{"start":{"line":14,"column":0},"end":{"line":14,"column":52}},"8":{"start":{"line":15,"column":0},"end":{"line":15,"column":47}},"9":{"start":{"line":16,"column":0},"end":{"line":16,"column":43}},"10":{"start":{"line":17,"column":0},"end":{"line":17,"column":66}},"11":{"start":{"line":18,"column":0},"end":{"line":18,"column":54}},"12":{"start":{"line":30,"column":0},"end":{"line":30,"column":24}}},"fnMap":{},"branchMap":{},"s":{"0":1,"1":1,"2":1,"3":1,"4":1,"5":1,"6":1,"7":1,"8":1,"9":1,"10":1,"11":1,"12":1},"f":{},"b":{},"_coverageSchema":"43e27e138ebf9cfc5966b082cf9a028302ed4184","hash":"1c7f5b62f1f6d1f30a4718616bd13fbd943ab6cd"}
,"/home/alvin/Documents/Hacktiv8/FinalProject/server/routes/user.js": {"path":"/home/alvin/Documents/Hacktiv8/FinalProject/server/routes/user.js","statementMap":{"0":{"start":{"line":1,"column":15},"end":{"line":1,"column":42}},"1":{"start":{"line":2,"column":23},"end":{"line":2,"column":56}},"2":{"start":{"line":3,"column":27},"end":{"line":3,"column":60}},"3":{"start":{"line":10,"column":0},"end":{"line":10,"column":46}},"4":{"start":{"line":11,"column":0},"end":{"line":11,"column":46}},"5":{"start":{"line":13,"column":0},"end":{"line":13,"column":27}},"6":{"start":{"line":14,"column":0},"end":{"line":14,"column":44}},"7":{"start":{"line":15,"column":0},"end":{"line":15,"column":61}},"8":{"start":{"line":16,"column":0},"end":{"line":16,"column":59}},"9":{"start":{"line":17,"column":0},"end":{"line":17,"column":63}},"10":{"start":{"line":21,"column":0},"end":{"line":21,"column":45}},"11":{"start":{"line":22,"column":0},"end":{"line":22,"column":62}},"12":{"start":{"line":24,"column":0},"end":{"line":24,"column":24}}},"fnMap":{},"branchMap":{},"s":{"0":1,"1":1,"2":1,"3":1,"4":1,"5":1,"6":1,"7":1,"8":1,"9":1,"10":1,"11":1,"12":1},"f":{},"b":{},"_coverageSchema":"43e27e138ebf9cfc5966b082cf9a028302ed4184","hash":"f64ebd2d9a3a349192b2d741731ad01c7f08a704"}
,"/home/alvin/Documents/Hacktiv8/FinalProject/server/test/helpers/deleteDb.js": {"path":"/home/alvin/Documents/Hacktiv8/FinalProject/server/test/helpers/deleteDb.js","statementMap":{"0":{"start":{"line":1,"column":13},"end":{"line":1,"column":44}},"1":{"start":{"line":2,"column":16},"end":{"line":2,"column":50}},"2":{"start":{"line":4,"column":0},"end":{"line":29,"column":2}},"3":{"start":{"line":6,"column":4},"end":{"line":16,"column":5}},"4":{"start":{"line":7,"column":6},"end":{"line":15,"column":11}},"5":{"start":{"line":9,"column":10},"end":{"line":9,"column":73}},"6":{"start":{"line":10,"column":10},"end":{"line":10,"column":38}},"7":{"start":{"line":13,"column":10},"end":{"line":13,"column":72}},"8":{"start":{"line":14,"column":10},"end":{"line":14,"column":27}},"9":{"start":{"line":19,"column":4},"end":{"line":27,"column":5}},"10":{"start":{"line":20,"column":6},"end":{"line":26,"column":11}},"11":{"start":{"line":22,"column":10},"end":{"line":22,"column":41}},"12":{"start":{"line":25,"column":10},"end":{"line":25,"column":27}}},"fnMap":{"0":{"name":"(anonymous_0)","decl":{"start":{"line":5,"column":14},"end":{"line":5,"column":15}},"loc":{"start":{"line":5,"column":25},"end":{"line":17,"column":3}},"line":5},"1":{"name":"(anonymous_1)","decl":{"start":{"line":8,"column":14},"end":{"line":8,"column":15}},"loc":{"start":{"line":8,"column":20},"end":{"line":11,"column":9}},"line":8},"2":{"name":"(anonymous_2)","decl":{"start":{"line":12,"column":15},"end":{"line":12,"column":16}},"loc":{"start":{"line":12,"column":22},"end":{"line":15,"column":9}},"line":12},"3":{"name":"(anonymous_3)","decl":{"start":{"line":18,"column":17},"end":{"line":18,"column":18}},"loc":{"start":{"line":18,"column":28},"end":{"line":28,"column":3}},"line":18},"4":{"name":"(anonymous_4)","decl":{"start":{"line":21,"column":14},"end":{"line":21,"column":15}},"loc":{"start":{"line":21,"column":20},"end":{"line":23,"column":9}},"line":21},"5":{"name":"(anonymous_5)","decl":{"start":{"line":24,"column":15},"end":{"line":24,"column":16}},"loc":{"start":{"line":24,"column":22},"end":{"line":26,"column":9}},"line":24}},"branchMap":{"0":{"loc":{"start":{"line":6,"column":4},"end":{"line":16,"column":5}},"type":"if","locations":[{"start":{"line":6,"column":4},"end":{"line":16,"column":5}},{"start":{"line":6,"column":4},"end":{"line":16,"column":5}}],"line":6},"1":{"loc":{"start":{"line":19,"column":4},"end":{"line":27,"column":5}},"type":"if","locations":[{"start":{"line":19,"column":4},"end":{"line":27,"column":5}},{"start":{"line":19,"column":4},"end":{"line":27,"column":5}}],"line":19}},"s":{"0":1,"1":1,"2":1,"3":0,"4":0,"5":0,"6":0,"7":0,"8":0,"9":0,"10":0,"11":0,"12":0},"f":{"0":0,"1":0,"2":0,"3":0,"4":0,"5":0},"b":{"0":[0,0],"1":[0,0]},"_coverageSchema":"43e27e138ebf9cfc5966b082cf9a028302ed4184","hash":"3141bd5db5ac930107e4f739d1a7a833fd40bd80"}
}
